<?xml version="1.0" encoding="UTF-8"?>
<!-- Generated by org.testng.reporters.JUnitXMLReporter -->
<testsuite ignored="0" hostname="DESKTOP-FJVFF6A" failures="1" tests="1" name="simpleProject-V0.0.1" time="26.345" errors="0" timestamp="2022-04-07T18:45:19 CEST">
  <testcase classname="simpleproject.Tests.Login" name="login" time="24.234">
    <failure type="java.lang.AssertionError" message="null">
      <![CDATA[java.lang.AssertionError: null
at simpleproject.Config.WebActions.extentReportFail(WebActions.java:575)
at simpleproject.Tests.Login.login(Login.java:28)
at java.base/java.util.ArrayList.forEach(ArrayList.java:1507)
... Removed 29 stack frames]]>
    </failure>
  </testcase> <!-- login -->
</testsuite> <!-- simpleProject-V0.0.1 -->
